<?xml version="1.0" encoding="UTF-8"?>
<!-- Generated by org.testng.reporters.JUnitXMLReporter -->
<testsuite ignored="0" hostname="Nusaibas-MacBook-Pro.local" failures="0" tests="2" name="Default test" time="24.163" errors="0" timestamp="27 Mar 2022 18:55:53 GMT">
  <testcase classname="io.cucumber.testng.AbstractTestNGCucumberTests" name="runScenario" time="11.214"/>
  <testcase classname="io.cucumber.testng.AbstractTestNGCucumberTests" name="runScenario" time="12.51"/>
</testsuite> <!-- Default test -->
