<?xml version="1.0" encoding="UTF-8"?>
<testng-results ignored="0" total="2" passed="2" failed="0" skipped="0">
  <reporter-output>
  </reporter-output>
  <suite started-at="2022-03-27T18:55:29Z" name="Default suite" finished-at="2022-03-27T18:55:53Z" duration-ms="24163">
    <groups>
      <group name="cucumber">
        <method signature="AbstractTestNGCucumberTests.runScenario(io.cucumber.testng.PickleWrapper, io.cucumber.testng.FeatureWrapper)[pri:0, instance:com.careerhack.runners.Testrunner@6676f6a0]" name="runScenario" class="io.cucumber.testng.AbstractTestNGCucumberTests"/>
      </group> <!-- cucumber -->
    </groups>
    <test started-at="2022-03-27T18:55:29Z" name="Default test" finished-at="2022-03-27T18:55:53Z" duration-ms="24163">
      <class name="com.careerhack.runners.Testrunner">
        <test-method is-config="true" signature="setUpClass()[pri:0, instance:com.careerhack.runners.Testrunner@6676f6a0]" started-at="2022-03-27T18:55:29Z" name="setUpClass" finished-at="2022-03-27T18:55:29Z" duration-ms="364" status="PASS">
          <reporter-output>
          </reporter-output>
        </test-method> <!-- setUpClass -->
        <test-method signature="runScenario(io.cucumber.testng.PickleWrapper, io.cucumber.testng.FeatureWrapper)[pri:0, instance:com.careerhack.runners.Testrunner@6676f6a0]" started-at="2022-03-27T18:55:29Z" name="runScenario" description="Runs Cucumber Scenarios" data-provider="scenarios" finished-at="2022-03-27T18:55:40Z" duration-ms="11214" status="PASS">
          <params>
            <param index="0">
              <value>
                <![CDATA["simple keyword search"]]>
              </value>
            </param>
            <param index="1">
              <value>
                <![CDATA["Optional[perform a google search]"]]>
              </value>
            </param>
          </params>
          <reporter-output>
          </reporter-output>
        </test-method> <!-- runScenario -->
        <test-method signature="runScenario(io.cucumber.testng.PickleWrapper, io.cucumber.testng.FeatureWrapper)[pri:0, instance:com.careerhack.runners.Testrunner@6676f6a0]" started-at="2022-03-27T18:55:40Z" name="runScenario" description="Runs Cucumber Scenarios" data-provider="scenarios" finished-at="2022-03-27T18:55:53Z" duration-ms="12510" status="PASS">
          <params>
            <param index="0">
              <value>
                <![CDATA["simple keyword search"]]>
              </value>
            </param>
            <param index="1">
              <value>
                <![CDATA["Optional[perform a google search]"]]>
              </value>
            </param>
          </params>
          <reporter-output>
          </reporter-output>
        </test-method> <!-- runScenario -->
        <test-method is-config="true" signature="tearDownClass()[pri:0, instance:com.careerhack.runners.Testrunner@6676f6a0]" started-at="2022-03-27T18:55:53Z" name="tearDownClass" finished-at="2022-03-27T18:55:53Z" duration-ms="33" status="PASS">
          <reporter-output>
          </reporter-output>
        </test-method> <!-- tearDownClass -->
      </class> <!-- com.careerhack.runners.Testrunner -->
    </test> <!-- Default test -->
  </suite> <!-- Default suite -->
</testng-results>
